<?xml version="1.0" encoding="UTF-8"?>
<testng-results ignored="0" total="63" passed="63" failed="0" skipped="0">
  <reporter-output>
  </reporter-output>
  <suite started-at="2023-03-02T20:21:19 CST" name="Default suite" finished-at="2023-03-02T20:22:53 CST" duration-ms="94142">
    <groups>
      <group name="cucumber">
        <method signature="AbstractTestNGCucumberTests.runScenario(io.cucumber.testng.PickleWrapper,io.cucumber.testng.FeatureWrapper)[pri:0, instance:runner.testRunner@460ebd80]" name="runScenario" class="io.cucumber.testng.AbstractTestNGCucumberTests"/>
      </group> <!-- cucumber -->
    </groups>
    <test started-at="2023-03-02T20:21:19 CST" name="Default test" finished-at="2023-03-02T20:22:53 CST" duration-ms="94142">
      <class name="runner.testRunner">
        <test-method is-config="true" signature="setUpClass(org.testng.ITestContext)[pri:0, instance:runner.testRunner@460ebd80]" started-at="2023-03-02T20:21:19 CST" name="setUpClass" finished-at="2023-03-02T20:21:25 CST" duration-ms="5872" status="PASS">
          <params>
            <param index="0">
              <value>
                <![CDATA[org.testng.TestRunner@2cb09f00]]>
              </value>
            </param>
          </params>
          <reporter-output>
          </reporter-output>
        </test-method> <!-- setUpClass -->
        <test-method signature="runScenario(io.cucumber.testng.PickleWrapper,io.cucumber.testng.FeatureWrapper)[pri:0, instance:runner.testRunner@460ebd80]" started-at="2023-03-02T20:21:25 CST" name="runScenario" description="Runs Cucumber Scenarios" data-provider="scenarios" finished-at="2023-03-02T20:21:28 CST" duration-ms="3826" status="PASS">
          <params>
            <param index="0">
              <value>
                <![CDATA["Opening DS Algo portal link"]]>
              </value>
            </param>
            <param index="1">
              <value>
                <![CDATA["DSALGO Project"]]>
              </value>
            </param>
          </params>
          <reporter-output>
          </reporter-output>
        </test-method> <!-- runScenario -->
        <test-method signature="runScenario(io.cucumber.testng.PickleWrapper,io.cucumber.testng.FeatureWrapper)[pri:0, instance:runner.testRunner@460ebd80]" started-at="2023-03-02T20:21:29 CST" name="runScenario" description="Runs Cucumber Scenarios" data-provider="scenarios" finished-at="2023-03-02T20:21:29 CST" duration-ms="908" status="PASS">
          <params>
            <param index="0">
              <value>
                <![CDATA["The user is presented with error message for empty fields below username textbox"]]>
              </value>
            </param>
            <param index="1">
              <value>
                <![CDATA["DS Algo Registration Page"]]>
              </value>
            </param>
          </params>
          <reporter-output>
          </reporter-output>
        </test-method> <!-- runScenario -->
        <test-method signature="runScenario(io.cucumber.testng.PickleWrapper,io.cucumber.testng.FeatureWrapper)[pri:0, instance:runner.testRunner@460ebd80]" started-at="2023-03-02T20:21:29 CST" name="runScenario" description="Runs Cucumber Scenarios" data-provider="scenarios" finished-at="2023-03-02T20:21:30 CST" duration-ms="802" status="PASS">
          <params>
            <param index="0">
              <value>
                <![CDATA["The user is presented with error message for empty fields below password textbox"]]>
              </value>
            </param>
            <param index="1">
              <value>
                <![CDATA["DS Algo Registration Page"]]>
              </value>
            </param>
          </params>
          <reporter-output>
          </reporter-output>
        </test-method> <!-- runScenario -->
        <test-method signature="runScenario(io.cucumber.testng.PickleWrapper,io.cucumber.testng.FeatureWrapper)[pri:0, instance:runner.testRunner@460ebd80]" started-at="2023-03-02T20:21:30 CST" name="runScenario" description="Runs Cucumber Scenarios" data-provider="scenarios" finished-at="2023-03-02T20:21:31 CST" duration-ms="729" status="PASS">
          <params>
            <param index="0">
              <value>
                <![CDATA["The user is presented with error message for empty fields below confirm_password textbox"]]>
              </value>
            </param>
            <param index="1">
              <value>
                <![CDATA["DS Algo Registration Page"]]>
              </value>
            </param>
          </params>
          <reporter-output>
          </reporter-output>
        </test-method> <!-- runScenario -->
        <test-method signature="runScenario(io.cucumber.testng.PickleWrapper,io.cucumber.testng.FeatureWrapper)[pri:0, instance:runner.testRunner@460ebd80]" started-at="2023-03-02T20:21:31 CST" name="runScenario" description="Runs Cucumber Scenarios" data-provider="scenarios" finished-at="2023-03-02T20:21:32 CST" duration-ms="1014" status="PASS">
          <params>
            <param index="0">
              <value>
                <![CDATA["The user is presented with error message for invalid username"]]>
              </value>
            </param>
            <param index="1">
              <value>
                <![CDATA["DS Algo Registration Page"]]>
              </value>
            </param>
          </params>
          <reporter-output>
          </reporter-output>
        </test-method> <!-- runScenario -->
        <test-method signature="runScenario(io.cucumber.testng.PickleWrapper,io.cucumber.testng.FeatureWrapper)[pri:0, instance:runner.testRunner@460ebd80]" started-at="2023-03-02T20:21:32 CST" name="runScenario" description="Runs Cucumber Scenarios" data-provider="scenarios" finished-at="2023-03-02T20:21:33 CST" duration-ms="630" status="PASS">
          <params>
            <param index="0">
              <value>
                <![CDATA["The user is presented with error message for password mismatch"]]>
              </value>
            </param>
            <param index="1">
              <value>
                <![CDATA["DS Algo Registration Page"]]>
              </value>
            </param>
          </params>
          <reporter-output>
          </reporter-output>
        </test-method> <!-- runScenario -->
        <test-method signature="runScenario(io.cucumber.testng.PickleWrapper,io.cucumber.testng.FeatureWrapper)[pri:0, instance:runner.testRunner@460ebd80]" started-at="2023-03-02T20:21:33 CST" name="runScenario" description="Runs Cucumber Scenarios" data-provider="scenarios" finished-at="2023-03-02T20:21:34 CST" duration-ms="1010" status="PASS">
          <params>
            <param index="0">
              <value>
                <![CDATA["The user is presented with error message for password with less than 8 characters"]]>
              </value>
            </param>
            <param index="1">
              <value>
                <![CDATA["DS Algo Registration Page"]]>
              </value>
            </param>
          </params>
          <reporter-output>
          </reporter-output>
        </test-method> <!-- runScenario -->
        <test-method signature="runScenario(io.cucumber.testng.PickleWrapper,io.cucumber.testng.FeatureWrapper)[pri:0, instance:runner.testRunner@460ebd80]" started-at="2023-03-02T20:21:34 CST" name="runScenario" description="Runs Cucumber Scenarios" data-provider="scenarios" finished-at="2023-03-02T20:21:34 CST" duration-ms="632" status="PASS">
          <params>
            <param index="0">
              <value>
                <![CDATA["The user is presented with error message for password with only numbers"]]>
              </value>
            </param>
            <param index="1">
              <value>
                <![CDATA["DS Algo Registration Page"]]>
              </value>
            </param>
          </params>
          <reporter-output>
          </reporter-output>
        </test-method> <!-- runScenario -->
        <test-method signature="runScenario(io.cucumber.testng.PickleWrapper,io.cucumber.testng.FeatureWrapper)[pri:0, instance:runner.testRunner@460ebd80]" started-at="2023-03-02T20:21:34 CST" name="runScenario" description="Runs Cucumber Scenarios" data-provider="scenarios" finished-at="2023-03-02T20:21:35 CST" duration-ms="591" status="PASS">
          <params>
            <param index="0">
              <value>
                <![CDATA["Getting register into page with username and passwords"]]>
              </value>
            </param>
            <param index="1">
              <value>
                <![CDATA["DS Algo Registration Page"]]>
              </value>
            </param>
          </params>
          <reporter-output>
          </reporter-output>
        </test-method> <!-- runScenario -->
        <test-method signature="runScenario(io.cucumber.testng.PickleWrapper,io.cucumber.testng.FeatureWrapper)[pri:0, instance:runner.testRunner@460ebd80]" started-at="2023-03-02T20:21:35 CST" name="runScenario" description="Runs Cucumber Scenarios" data-provider="scenarios" finished-at="2023-03-02T20:21:35 CST" duration-ms="600" status="PASS">
          <params>
            <param index="0">
              <value>
                <![CDATA["Getting register into page with username and passwords"]]>
              </value>
            </param>
            <param index="1">
              <value>
                <![CDATA["DS Algo Registration Page"]]>
              </value>
            </param>
          </params>
          <reporter-output>
          </reporter-output>
        </test-method> <!-- runScenario -->
        <test-method signature="runScenario(io.cucumber.testng.PickleWrapper,io.cucumber.testng.FeatureWrapper)[pri:0, instance:runner.testRunner@460ebd80]" started-at="2023-03-02T20:21:36 CST" name="runScenario" description="Runs Cucumber Scenarios" data-provider="scenarios" finished-at="2023-03-02T20:21:36 CST" duration-ms="865" status="PASS">
          <params>
            <param index="0">
              <value>
                <![CDATA["The user is presented with error message for existing username"]]>
              </value>
            </param>
            <param index="1">
              <value>
                <![CDATA["DS Algo Registration Page"]]>
              </value>
            </param>
          </params>
          <reporter-output>
          </reporter-output>
        </test-method> <!-- runScenario -->
        <test-method signature="runScenario(io.cucumber.testng.PickleWrapper,io.cucumber.testng.FeatureWrapper)[pri:0, instance:runner.testRunner@460ebd80]" started-at="2023-03-02T20:21:36 CST" name="runScenario" description="Runs Cucumber Scenarios" data-provider="scenarios" finished-at="2023-03-02T20:21:38 CST" duration-ms="1216" status="PASS">
          <params>
            <param index="0">
              <value>
                <![CDATA["User navigate to signIn page"]]>
              </value>
            </param>
            <param index="1">
              <value>
                <![CDATA["DS Algo Sign In Page"]]>
              </value>
            </param>
          </params>
          <reporter-output>
          </reporter-output>
        </test-method> <!-- runScenario -->
        <test-method signature="runScenario(io.cucumber.testng.PickleWrapper,io.cucumber.testng.FeatureWrapper)[pri:0, instance:runner.testRunner@460ebd80]" started-at="2023-03-02T20:21:38 CST" name="runScenario" description="Runs Cucumber Scenarios" data-provider="scenarios" finished-at="2023-03-02T20:21:38 CST" duration-ms="756" status="PASS">
          <params>
            <param index="0">
              <value>
                <![CDATA["User navigate to signIn page"]]>
              </value>
            </param>
            <param index="1">
              <value>
                <![CDATA["DS Algo Sign In Page"]]>
              </value>
            </param>
          </params>
          <reporter-output>
          </reporter-output>
        </test-method> <!-- runScenario -->
        <test-method signature="runScenario(io.cucumber.testng.PickleWrapper,io.cucumber.testng.FeatureWrapper)[pri:0, instance:runner.testRunner@460ebd80]" started-at="2023-03-02T20:21:38 CST" name="runScenario" description="Runs Cucumber Scenarios" data-provider="scenarios" finished-at="2023-03-02T20:21:39 CST" duration-ms="594" status="PASS">
          <params>
            <param index="0">
              <value>
                <![CDATA["User navigate to signIn page"]]>
              </value>
            </param>
            <param index="1">
              <value>
                <![CDATA["DS Algo Sign In Page"]]>
              </value>
            </param>
          </params>
          <reporter-output>
          </reporter-output>
        </test-method> <!-- runScenario -->
        <test-method signature="runScenario(io.cucumber.testng.PickleWrapper,io.cucumber.testng.FeatureWrapper)[pri:0, instance:runner.testRunner@460ebd80]" started-at="2023-03-02T20:21:39 CST" name="runScenario" description="Runs Cucumber Scenarios" data-provider="scenarios" finished-at="2023-03-02T20:21:40 CST" duration-ms="559" status="PASS">
          <params>
            <param index="0">
              <value>
                <![CDATA["User navigate to signIn page"]]>
              </value>
            </param>
            <param index="1">
              <value>
                <![CDATA["DS Algo Sign In Page"]]>
              </value>
            </param>
          </params>
          <reporter-output>
          </reporter-output>
        </test-method> <!-- runScenario -->
        <test-method signature="runScenario(io.cucumber.testng.PickleWrapper,io.cucumber.testng.FeatureWrapper)[pri:0, instance:runner.testRunner@460ebd80]" started-at="2023-03-02T20:21:40 CST" name="runScenario" description="Runs Cucumber Scenarios" data-provider="scenarios" finished-at="2023-03-02T20:21:40 CST" duration-ms="302" status="PASS">
          <params>
            <param index="0">
              <value>
                <![CDATA["User navigate to signIn page"]]>
              </value>
            </param>
            <param index="1">
              <value>
                <![CDATA["DS Algo Sign In Page"]]>
              </value>
            </param>
          </params>
          <reporter-output>
          </reporter-output>
        </test-method> <!-- runScenario -->
        <test-method signature="runScenario(io.cucumber.testng.PickleWrapper,io.cucumber.testng.FeatureWrapper)[pri:0, instance:runner.testRunner@460ebd80]" started-at="2023-03-02T20:21:40 CST" name="runScenario" description="Runs Cucumber Scenarios" data-provider="scenarios" finished-at="2023-03-02T20:21:40 CST" duration-ms="272" status="PASS">
          <params>
            <param index="0">
              <value>
                <![CDATA["User navigate to signIn page"]]>
              </value>
            </param>
            <param index="1">
              <value>
                <![CDATA["DS Algo Sign In Page"]]>
              </value>
            </param>
          </params>
          <reporter-output>
          </reporter-output>
        </test-method> <!-- runScenario -->
        <test-method signature="runScenario(io.cucumber.testng.PickleWrapper,io.cucumber.testng.FeatureWrapper)[pri:0, instance:runner.testRunner@460ebd80]" started-at="2023-03-02T20:21:40 CST" name="runScenario" description="Runs Cucumber Scenarios" data-provider="scenarios" finished-at="2023-03-02T20:21:41 CST" duration-ms="559" status="PASS">
          <params>
            <param index="0">
              <value>
                <![CDATA["User navigate to signIn page"]]>
              </value>
            </param>
            <param index="1">
              <value>
                <![CDATA["DS Algo Sign In Page"]]>
              </value>
            </param>
          </params>
          <reporter-output>
          </reporter-output>
        </test-method> <!-- runScenario -->
        <test-method signature="runScenario(io.cucumber.testng.PickleWrapper,io.cucumber.testng.FeatureWrapper)[pri:0, instance:runner.testRunner@460ebd80]" started-at="2023-03-02T20:21:41 CST" name="runScenario" description="Runs Cucumber Scenarios" data-provider="scenarios" finished-at="2023-03-02T20:21:41 CST" duration-ms="768" status="PASS">
          <params>
            <param index="0">
              <value>
                <![CDATA["User navigate to signIn page"]]>
              </value>
            </param>
            <param index="1">
              <value>
                <![CDATA["DS Algo Sign In Page"]]>
              </value>
            </param>
          </params>
          <reporter-output>
          </reporter-output>
        </test-method> <!-- runScenario -->
        <test-method signature="runScenario(io.cucumber.testng.PickleWrapper,io.cucumber.testng.FeatureWrapper)[pri:0, instance:runner.testRunner@460ebd80]" started-at="2023-03-02T20:21:41 CST" name="runScenario" description="Runs Cucumber Scenarios" data-provider="scenarios" finished-at="2023-03-02T20:21:41 CST" duration-ms="8" status="PASS">
          <params>
            <param index="0">
              <value>
                <![CDATA["User navigate to dataStructure Page"]]>
              </value>
            </param>
            <param index="1">
              <value>
                <![CDATA["DS Algo DataStructure Page"]]>
              </value>
            </param>
          </params>
          <reporter-output>
          </reporter-output>
        </test-method> <!-- runScenario -->
        <test-method signature="runScenario(io.cucumber.testng.PickleWrapper,io.cucumber.testng.FeatureWrapper)[pri:0, instance:runner.testRunner@460ebd80]" started-at="2023-03-02T20:21:41 CST" name="runScenario" description="Runs Cucumber Scenarios" data-provider="scenarios" finished-at="2023-03-02T20:21:47 CST" duration-ms="5907" status="PASS">
          <params>
            <param index="0">
              <value>
                <![CDATA["user navigate to datastructure page"]]>
              </value>
            </param>
            <param index="1">
              <value>
                <![CDATA["DS Algo DataStructure Page"]]>
              </value>
            </param>
          </params>
          <reporter-output>
          </reporter-output>
        </test-method> <!-- runScenario -->
        <test-method signature="runScenario(io.cucumber.testng.PickleWrapper,io.cucumber.testng.FeatureWrapper)[pri:0, instance:runner.testRunner@460ebd80]" started-at="2023-03-02T20:21:47 CST" name="runScenario" description="Runs Cucumber Scenarios" data-provider="scenarios" finished-at="2023-03-02T20:21:49 CST" duration-ms="1920" status="PASS">
          <params>
            <param index="0">
              <value>
                <![CDATA["user navigate to datastructure page"]]>
              </value>
            </param>
            <param index="1">
              <value>
                <![CDATA["DS Algo DataStructure Page"]]>
              </value>
            </param>
          </params>
          <reporter-output>
          </reporter-output>
        </test-method> <!-- runScenario -->
        <test-method signature="runScenario(io.cucumber.testng.PickleWrapper,io.cucumber.testng.FeatureWrapper)[pri:0, instance:runner.testRunner@460ebd80]" started-at="2023-03-02T20:21:49 CST" name="runScenario" description="Runs Cucumber Scenarios" data-provider="scenarios" finished-at="2023-03-02T20:21:51 CST" duration-ms="2007" status="PASS">
          <params>
            <param index="0">
              <value>
                <![CDATA["User navigate to Array Page and in works Arrays in Python"]]>
              </value>
            </param>
            <param index="1">
              <value>
                <![CDATA["DS Algo ArrayPage"]]>
              </value>
            </param>
          </params>
          <reporter-output>
          </reporter-output>
        </test-method> <!-- runScenario -->
        <test-method signature="runScenario(io.cucumber.testng.PickleWrapper,io.cucumber.testng.FeatureWrapper)[pri:0, instance:runner.testRunner@460ebd80]" started-at="2023-03-02T20:21:51 CST" name="runScenario" description="Runs Cucumber Scenarios" data-provider="scenarios" finished-at="2023-03-02T20:21:53 CST" duration-ms="1670" status="PASS">
          <params>
            <param index="0">
              <value>
                <![CDATA["User navigate to Array Page and in works Arrays in Python"]]>
              </value>
            </param>
            <param index="1">
              <value>
                <![CDATA["DS Algo ArrayPage"]]>
              </value>
            </param>
          </params>
          <reporter-output>
          </reporter-output>
        </test-method> <!-- runScenario -->
        <test-method signature="runScenario(io.cucumber.testng.PickleWrapper,io.cucumber.testng.FeatureWrapper)[pri:0, instance:runner.testRunner@460ebd80]" started-at="2023-03-02T20:21:53 CST" name="runScenario" description="Runs Cucumber Scenarios" data-provider="scenarios" finished-at="2023-03-02T20:21:54 CST" duration-ms="1154" status="PASS">
          <params>
            <param index="0">
              <value>
                <![CDATA["User navigate to Array Page and works in Arrays Using List"]]>
              </value>
            </param>
            <param index="1">
              <value>
                <![CDATA["DS Algo ArrayPage"]]>
              </value>
            </param>
          </params>
          <reporter-output>
          </reporter-output>
        </test-method> <!-- runScenario -->
        <test-method signature="runScenario(io.cucumber.testng.PickleWrapper,io.cucumber.testng.FeatureWrapper)[pri:0, instance:runner.testRunner@460ebd80]" started-at="2023-03-02T20:21:54 CST" name="runScenario" description="Runs Cucumber Scenarios" data-provider="scenarios" finished-at="2023-03-02T20:21:56 CST" duration-ms="1499" status="PASS">
          <params>
            <param index="0">
              <value>
                <![CDATA["User navigate to Array Page and works in Arrays Using List"]]>
              </value>
            </param>
            <param index="1">
              <value>
                <![CDATA["DS Algo ArrayPage"]]>
              </value>
            </param>
          </params>
          <reporter-output>
          </reporter-output>
        </test-method> <!-- runScenario -->
        <test-method signature="runScenario(io.cucumber.testng.PickleWrapper,io.cucumber.testng.FeatureWrapper)[pri:0, instance:runner.testRunner@460ebd80]" started-at="2023-03-02T20:21:56 CST" name="runScenario" description="Runs Cucumber Scenarios" data-provider="scenarios" finished-at="2023-03-02T20:21:57 CST" duration-ms="1251" status="PASS">
          <params>
            <param index="0">
              <value>
                <![CDATA["User navigate to Array Page and works in Basic Operations in lists"]]>
              </value>
            </param>
            <param index="1">
              <value>
                <![CDATA["DS Algo ArrayPage"]]>
              </value>
            </param>
          </params>
          <reporter-output>
          </reporter-output>
        </test-method> <!-- runScenario -->
        <test-method signature="runScenario(io.cucumber.testng.PickleWrapper,io.cucumber.testng.FeatureWrapper)[pri:0, instance:runner.testRunner@460ebd80]" started-at="2023-03-02T20:21:57 CST" name="runScenario" description="Runs Cucumber Scenarios" data-provider="scenarios" finished-at="2023-03-02T20:21:58 CST" duration-ms="921" status="PASS">
          <params>
            <param index="0">
              <value>
                <![CDATA["User navigate to Array Page and works in Basic Operations in lists"]]>
              </value>
            </param>
            <param index="1">
              <value>
                <![CDATA["DS Algo ArrayPage"]]>
              </value>
            </param>
          </params>
          <reporter-output>
          </reporter-output>
        </test-method> <!-- runScenario -->
        <test-method signature="runScenario(io.cucumber.testng.PickleWrapper,io.cucumber.testng.FeatureWrapper)[pri:0, instance:runner.testRunner@460ebd80]" started-at="2023-03-02T20:21:58 CST" name="runScenario" description="Runs Cucumber Scenarios" data-provider="scenarios" finished-at="2023-03-02T20:21:59 CST" duration-ms="1597" status="PASS">
          <params>
            <param index="0">
              <value>
                <![CDATA["User navigate to Array Page and works in Applications of Array"]]>
              </value>
            </param>
            <param index="1">
              <value>
                <![CDATA["DS Algo ArrayPage"]]>
              </value>
            </param>
          </params>
          <reporter-output>
          </reporter-output>
        </test-method> <!-- runScenario -->
        <test-method signature="runScenario(io.cucumber.testng.PickleWrapper,io.cucumber.testng.FeatureWrapper)[pri:0, instance:runner.testRunner@460ebd80]" started-at="2023-03-02T20:21:59 CST" name="runScenario" description="Runs Cucumber Scenarios" data-provider="scenarios" finished-at="2023-03-02T20:22:00 CST" duration-ms="1051" status="PASS">
          <params>
            <param index="0">
              <value>
                <![CDATA["User navigate to Array Page and works in Applications of Array"]]>
              </value>
            </param>
            <param index="1">
              <value>
                <![CDATA["DS Algo ArrayPage"]]>
              </value>
            </param>
          </params>
          <reporter-output>
          </reporter-output>
        </test-method> <!-- runScenario -->
        <test-method signature="runScenario(io.cucumber.testng.PickleWrapper,io.cucumber.testng.FeatureWrapper)[pri:0, instance:runner.testRunner@460ebd80]" started-at="2023-03-02T20:22:00 CST" name="runScenario" description="Runs Cucumber Scenarios" data-provider="scenarios" finished-at="2023-03-02T20:22:03 CST" duration-ms="2217" status="PASS">
          <params>
            <param index="0">
              <value>
                <![CDATA["User navigate to Array Practice Page and works in Search the array"]]>
              </value>
            </param>
            <param index="1">
              <value>
                <![CDATA["DS Algo ArrayPractice Page"]]>
              </value>
            </param>
          </params>
          <reporter-output>
          </reporter-output>
        </test-method> <!-- runScenario -->
        <test-method signature="runScenario(io.cucumber.testng.PickleWrapper,io.cucumber.testng.FeatureWrapper)[pri:0, instance:runner.testRunner@460ebd80]" started-at="2023-03-02T20:22:03 CST" name="runScenario" description="Runs Cucumber Scenarios" data-provider="scenarios" finished-at="2023-03-02T20:22:06 CST" duration-ms="3209" status="PASS">
          <params>
            <param index="0">
              <value>
                <![CDATA["User navigate to Array Practice Page and works in Max Consecutive Ones"]]>
              </value>
            </param>
            <param index="1">
              <value>
                <![CDATA["DS Algo ArrayPractice Page"]]>
              </value>
            </param>
          </params>
          <reporter-output>
          </reporter-output>
        </test-method> <!-- runScenario -->
        <test-method signature="runScenario(io.cucumber.testng.PickleWrapper,io.cucumber.testng.FeatureWrapper)[pri:0, instance:runner.testRunner@460ebd80]" started-at="2023-03-02T20:22:06 CST" name="runScenario" description="Runs Cucumber Scenarios" data-provider="scenarios" finished-at="2023-03-02T20:22:07 CST" duration-ms="978" status="PASS">
          <params>
            <param index="0">
              <value>
                <![CDATA["User navigate to Array Practice Page and works in Find Numbers with Even Number of Digits"]]>
              </value>
            </param>
            <param index="1">
              <value>
                <![CDATA["DS Algo ArrayPractice Page"]]>
              </value>
            </param>
          </params>
          <reporter-output>
          </reporter-output>
        </test-method> <!-- runScenario -->
        <test-method signature="runScenario(io.cucumber.testng.PickleWrapper,io.cucumber.testng.FeatureWrapper)[pri:0, instance:runner.testRunner@460ebd80]" started-at="2023-03-02T20:22:07 CST" name="runScenario" description="Runs Cucumber Scenarios" data-provider="scenarios" finished-at="2023-03-02T20:22:10 CST" duration-ms="2988" status="PASS">
          <params>
            <param index="0">
              <value>
                <![CDATA["User navigate to Array Practice Page and works in Squares of  a Sorted Array"]]>
              </value>
            </param>
            <param index="1">
              <value>
                <![CDATA["DS Algo ArrayPractice Page"]]>
              </value>
            </param>
          </params>
          <reporter-output>
          </reporter-output>
        </test-method> <!-- runScenario -->
        <test-method signature="runScenario(io.cucumber.testng.PickleWrapper,io.cucumber.testng.FeatureWrapper)[pri:0, instance:runner.testRunner@460ebd80]" started-at="2023-03-02T20:22:10 CST" name="runScenario" description="Runs Cucumber Scenarios" data-provider="scenarios" finished-at="2023-03-02T20:22:12 CST" duration-ms="1970" status="PASS">
          <params>
            <param index="0">
              <value>
                <![CDATA["User Navigate to LinkedList Page and works on Introduction"]]>
              </value>
            </param>
            <param index="1">
              <value>
                <![CDATA["DS Algo LinkedList Page"]]>
              </value>
            </param>
          </params>
          <reporter-output>
          </reporter-output>
        </test-method> <!-- runScenario -->
        <test-method signature="runScenario(io.cucumber.testng.PickleWrapper,io.cucumber.testng.FeatureWrapper)[pri:0, instance:runner.testRunner@460ebd80]" started-at="2023-03-02T20:22:12 CST" name="runScenario" description="Runs Cucumber Scenarios" data-provider="scenarios" finished-at="2023-03-02T20:22:13 CST" duration-ms="1032" status="PASS">
          <params>
            <param index="0">
              <value>
                <![CDATA["User Navigate to LinkedList Page and works on Creating Linked list"]]>
              </value>
            </param>
            <param index="1">
              <value>
                <![CDATA["DS Algo LinkedList Page"]]>
              </value>
            </param>
          </params>
          <reporter-output>
          </reporter-output>
        </test-method> <!-- runScenario -->
        <test-method signature="runScenario(io.cucumber.testng.PickleWrapper,io.cucumber.testng.FeatureWrapper)[pri:0, instance:runner.testRunner@460ebd80]" started-at="2023-03-02T20:22:13 CST" name="runScenario" description="Runs Cucumber Scenarios" data-provider="scenarios" finished-at="2023-03-02T20:22:15 CST" duration-ms="1626" status="PASS">
          <params>
            <param index="0">
              <value>
                <![CDATA["User Navigate to LinkedList Page and works on Types of Linked list"]]>
              </value>
            </param>
            <param index="1">
              <value>
                <![CDATA["DS Algo LinkedList Page"]]>
              </value>
            </param>
          </params>
          <reporter-output>
          </reporter-output>
        </test-method> <!-- runScenario -->
        <test-method signature="runScenario(io.cucumber.testng.PickleWrapper,io.cucumber.testng.FeatureWrapper)[pri:0, instance:runner.testRunner@460ebd80]" started-at="2023-03-02T20:22:15 CST" name="runScenario" description="Runs Cucumber Scenarios" data-provider="scenarios" finished-at="2023-03-02T20:22:16 CST" duration-ms="1572" status="PASS">
          <params>
            <param index="0">
              <value>
                <![CDATA["User Navigate to LinkedList Page and works on Implement Linked List in Python"]]>
              </value>
            </param>
            <param index="1">
              <value>
                <![CDATA["DS Algo LinkedList Page"]]>
              </value>
            </param>
          </params>
          <reporter-output>
          </reporter-output>
        </test-method> <!-- runScenario -->
        <test-method signature="runScenario(io.cucumber.testng.PickleWrapper,io.cucumber.testng.FeatureWrapper)[pri:0, instance:runner.testRunner@460ebd80]" started-at="2023-03-02T20:22:16 CST" name="runScenario" description="Runs Cucumber Scenarios" data-provider="scenarios" finished-at="2023-03-02T20:22:18 CST" duration-ms="1848" status="PASS">
          <params>
            <param index="0">
              <value>
                <![CDATA["User Navigate to LinkedList Page and works on Traversal"]]>
              </value>
            </param>
            <param index="1">
              <value>
                <![CDATA["DS Algo LinkedList Page"]]>
              </value>
            </param>
          </params>
          <reporter-output>
          </reporter-output>
        </test-method> <!-- runScenario -->
        <test-method signature="runScenario(io.cucumber.testng.PickleWrapper,io.cucumber.testng.FeatureWrapper)[pri:0, instance:runner.testRunner@460ebd80]" started-at="2023-03-02T20:22:18 CST" name="runScenario" description="Runs Cucumber Scenarios" data-provider="scenarios" finished-at="2023-03-02T20:22:19 CST" duration-ms="1518" status="PASS">
          <params>
            <param index="0">
              <value>
                <![CDATA["User Navigate to LinkedList Page and works on Insertion"]]>
              </value>
            </param>
            <param index="1">
              <value>
                <![CDATA["DS Algo LinkedList Page"]]>
              </value>
            </param>
          </params>
          <reporter-output>
          </reporter-output>
        </test-method> <!-- runScenario -->
        <test-method signature="runScenario(io.cucumber.testng.PickleWrapper,io.cucumber.testng.FeatureWrapper)[pri:0, instance:runner.testRunner@460ebd80]" started-at="2023-03-02T20:22:19 CST" name="runScenario" description="Runs Cucumber Scenarios" data-provider="scenarios" finished-at="2023-03-02T20:22:21 CST" duration-ms="1610" status="PASS">
          <params>
            <param index="0">
              <value>
                <![CDATA["User Navigate to LinkedList Page and works on Deletion"]]>
              </value>
            </param>
            <param index="1">
              <value>
                <![CDATA["DS Algo LinkedList Page"]]>
              </value>
            </param>
          </params>
          <reporter-output>
          </reporter-output>
        </test-method> <!-- runScenario -->
        <test-method signature="runScenario(io.cucumber.testng.PickleWrapper,io.cucumber.testng.FeatureWrapper)[pri:0, instance:runner.testRunner@460ebd80]" started-at="2023-03-02T20:22:21 CST" name="runScenario" description="Runs Cucumber Scenarios" data-provider="scenarios" finished-at="2023-03-02T20:22:22 CST" duration-ms="1299" status="PASS">
          <params>
            <param index="0">
              <value>
                <![CDATA["User Navigate to Stack Page and works on Operations in Stack"]]>
              </value>
            </param>
            <param index="1">
              <value>
                <![CDATA["Ds Algo Stack page"]]>
              </value>
            </param>
          </params>
          <reporter-output>
          </reporter-output>
        </test-method> <!-- runScenario -->
        <test-method signature="runScenario(io.cucumber.testng.PickleWrapper,io.cucumber.testng.FeatureWrapper)[pri:0, instance:runner.testRunner@460ebd80]" started-at="2023-03-02T20:22:22 CST" name="runScenario" description="Runs Cucumber Scenarios" data-provider="scenarios" finished-at="2023-03-02T20:22:24 CST" duration-ms="1906" status="PASS">
          <params>
            <param index="0">
              <value>
                <![CDATA["User Navigate to Stack Page and works on Implementation"]]>
              </value>
            </param>
            <param index="1">
              <value>
                <![CDATA["Ds Algo Stack page"]]>
              </value>
            </param>
          </params>
          <reporter-output>
          </reporter-output>
        </test-method> <!-- runScenario -->
        <test-method signature="runScenario(io.cucumber.testng.PickleWrapper,io.cucumber.testng.FeatureWrapper)[pri:0, instance:runner.testRunner@460ebd80]" started-at="2023-03-02T20:22:24 CST" name="runScenario" description="Runs Cucumber Scenarios" data-provider="scenarios" finished-at="2023-03-02T20:22:25 CST" duration-ms="968" status="PASS">
          <params>
            <param index="0">
              <value>
                <![CDATA["User Navigate to Stack Page and works on Applications"]]>
              </value>
            </param>
            <param index="1">
              <value>
                <![CDATA["Ds Algo Stack page"]]>
              </value>
            </param>
          </params>
          <reporter-output>
          </reporter-output>
        </test-method> <!-- runScenario -->
        <test-method signature="runScenario(io.cucumber.testng.PickleWrapper,io.cucumber.testng.FeatureWrapper)[pri:0, instance:runner.testRunner@460ebd80]" started-at="2023-03-02T20:22:25 CST" name="runScenario" description="Runs Cucumber Scenarios" data-provider="scenarios" finished-at="2023-03-02T20:22:26 CST" duration-ms="1199" status="PASS">
          <params>
            <param index="0">
              <value>
                <![CDATA["User Navigate to Queue Page and works on Implementation of Queue in Python"]]>
              </value>
            </param>
            <param index="1">
              <value>
                <![CDATA["DS Algo Queue"]]>
              </value>
            </param>
          </params>
          <reporter-output>
          </reporter-output>
        </test-method> <!-- runScenario -->
        <test-method signature="runScenario(io.cucumber.testng.PickleWrapper,io.cucumber.testng.FeatureWrapper)[pri:0, instance:runner.testRunner@460ebd80]" started-at="2023-03-02T20:22:26 CST" name="runScenario" description="Runs Cucumber Scenarios" data-provider="scenarios" finished-at="2023-03-02T20:22:28 CST" duration-ms="1408" status="PASS">
          <params>
            <param index="0">
              <value>
                <![CDATA["User Navigate to Queue Page and works on Implementation using collections Deque"]]>
              </value>
            </param>
            <param index="1">
              <value>
                <![CDATA["DS Algo Queue"]]>
              </value>
            </param>
          </params>
          <reporter-output>
          </reporter-output>
        </test-method> <!-- runScenario -->
        <test-method signature="runScenario(io.cucumber.testng.PickleWrapper,io.cucumber.testng.FeatureWrapper)[pri:0, instance:runner.testRunner@460ebd80]" started-at="2023-03-02T20:22:28 CST" name="runScenario" description="Runs Cucumber Scenarios" data-provider="scenarios" finished-at="2023-03-02T20:22:29 CST" duration-ms="1053" status="PASS">
          <params>
            <param index="0">
              <value>
                <![CDATA["User Navigate to Queue Page and works on Implementation using array"]]>
              </value>
            </param>
            <param index="1">
              <value>
                <![CDATA["DS Algo Queue"]]>
              </value>
            </param>
          </params>
          <reporter-output>
          </reporter-output>
        </test-method> <!-- runScenario -->
        <test-method signature="runScenario(io.cucumber.testng.PickleWrapper,io.cucumber.testng.FeatureWrapper)[pri:0, instance:runner.testRunner@460ebd80]" started-at="2023-03-02T20:22:29 CST" name="runScenario" description="Runs Cucumber Scenarios" data-provider="scenarios" finished-at="2023-03-02T20:22:30 CST" duration-ms="1482" status="PASS">
          <params>
            <param index="0">
              <value>
                <![CDATA["User Navigate to Queue Page and works on Queue Operations"]]>
              </value>
            </param>
            <param index="1">
              <value>
                <![CDATA["DS Algo Queue"]]>
              </value>
            </param>
          </params>
          <reporter-output>
          </reporter-output>
        </test-method> <!-- runScenario -->
        <test-method signature="runScenario(io.cucumber.testng.PickleWrapper,io.cucumber.testng.FeatureWrapper)[pri:0, instance:runner.testRunner@460ebd80]" started-at="2023-03-02T20:22:30 CST" name="runScenario" description="Runs Cucumber Scenarios" data-provider="scenarios" finished-at="2023-03-02T20:22:32 CST" duration-ms="1180" status="PASS">
          <params>
            <param index="0">
              <value>
                <![CDATA["User Navigate to Tree Page and works on Overview of Trees"]]>
              </value>
            </param>
            <param index="1">
              <value>
                <![CDATA["DS Algo Tree"]]>
              </value>
            </param>
          </params>
          <reporter-output>
          </reporter-output>
        </test-method> <!-- runScenario -->
        <test-method signature="runScenario(io.cucumber.testng.PickleWrapper,io.cucumber.testng.FeatureWrapper)[pri:0, instance:runner.testRunner@460ebd80]" started-at="2023-03-02T20:22:32 CST" name="runScenario" description="Runs Cucumber Scenarios" data-provider="scenarios" finished-at="2023-03-02T20:22:33 CST" duration-ms="1252" status="PASS">
          <params>
            <param index="0">
              <value>
                <![CDATA["User Navigate to Tree Page and works on Terminologies"]]>
              </value>
            </param>
            <param index="1">
              <value>
                <![CDATA["DS Algo Tree"]]>
              </value>
            </param>
          </params>
          <reporter-output>
          </reporter-output>
        </test-method> <!-- runScenario -->
        <test-method signature="runScenario(io.cucumber.testng.PickleWrapper,io.cucumber.testng.FeatureWrapper)[pri:0, instance:runner.testRunner@460ebd80]" started-at="2023-03-02T20:22:33 CST" name="runScenario" description="Runs Cucumber Scenarios" data-provider="scenarios" finished-at="2023-03-02T20:22:34 CST" duration-ms="1026" status="PASS">
          <params>
            <param index="0">
              <value>
                <![CDATA["User Navigate to Tree Page and works on Types of Trees"]]>
              </value>
            </param>
            <param index="1">
              <value>
                <![CDATA["DS Algo Tree"]]>
              </value>
            </param>
          </params>
          <reporter-output>
          </reporter-output>
        </test-method> <!-- runScenario -->
        <test-method signature="runScenario(io.cucumber.testng.PickleWrapper,io.cucumber.testng.FeatureWrapper)[pri:0, instance:runner.testRunner@460ebd80]" started-at="2023-03-02T20:22:34 CST" name="runScenario" description="Runs Cucumber Scenarios" data-provider="scenarios" finished-at="2023-03-02T20:22:36 CST" duration-ms="1619" status="PASS">
          <params>
            <param index="0">
              <value>
                <![CDATA["User Navigate to Tree Page and works on Tree Traversals"]]>
              </value>
            </param>
            <param index="1">
              <value>
                <![CDATA["DS Algo Tree"]]>
              </value>
            </param>
          </params>
          <reporter-output>
          </reporter-output>
        </test-method> <!-- runScenario -->
        <test-method signature="runScenario(io.cucumber.testng.PickleWrapper,io.cucumber.testng.FeatureWrapper)[pri:0, instance:runner.testRunner@460ebd80]" started-at="2023-03-02T20:22:36 CST" name="runScenario" description="Runs Cucumber Scenarios" data-provider="scenarios" finished-at="2023-03-02T20:22:37 CST" duration-ms="1021" status="PASS">
          <params>
            <param index="0">
              <value>
                <![CDATA["User Navigate to Tree Page and works on Traversals-Illustration"]]>
              </value>
            </param>
            <param index="1">
              <value>
                <![CDATA["DS Algo Tree"]]>
              </value>
            </param>
          </params>
          <reporter-output>
          </reporter-output>
        </test-method> <!-- runScenario -->
        <test-method signature="runScenario(io.cucumber.testng.PickleWrapper,io.cucumber.testng.FeatureWrapper)[pri:0, instance:runner.testRunner@460ebd80]" started-at="2023-03-02T20:22:37 CST" name="runScenario" description="Runs Cucumber Scenarios" data-provider="scenarios" finished-at="2023-03-02T20:22:38 CST" duration-ms="1016" status="PASS">
          <params>
            <param index="0">
              <value>
                <![CDATA["User Navigate to Tree Page and works on Binary Trees"]]>
              </value>
            </param>
            <param index="1">
              <value>
                <![CDATA["DS Algo Tree"]]>
              </value>
            </param>
          </params>
          <reporter-output>
          </reporter-output>
        </test-method> <!-- runScenario -->
        <test-method signature="runScenario(io.cucumber.testng.PickleWrapper,io.cucumber.testng.FeatureWrapper)[pri:0, instance:runner.testRunner@460ebd80]" started-at="2023-03-02T20:22:38 CST" name="runScenario" description="Runs Cucumber Scenarios" data-provider="scenarios" finished-at="2023-03-02T20:22:39 CST" duration-ms="1496" status="PASS">
          <params>
            <param index="0">
              <value>
                <![CDATA["User Navigate to Tree Page and works on Types of Binary Trees"]]>
              </value>
            </param>
            <param index="1">
              <value>
                <![CDATA["DS Algo Tree"]]>
              </value>
            </param>
          </params>
          <reporter-output>
          </reporter-output>
        </test-method> <!-- runScenario -->
        <test-method signature="runScenario(io.cucumber.testng.PickleWrapper,io.cucumber.testng.FeatureWrapper)[pri:0, instance:runner.testRunner@460ebd80]" started-at="2023-03-02T20:22:39 CST" name="runScenario" description="Runs Cucumber Scenarios" data-provider="scenarios" finished-at="2023-03-02T20:22:40 CST" duration-ms="991" status="PASS">
          <params>
            <param index="0">
              <value>
                <![CDATA["User Navigate to Tree Page and works on Implementation in Python"]]>
              </value>
            </param>
            <param index="1">
              <value>
                <![CDATA["DS Algo Tree"]]>
              </value>
            </param>
          </params>
          <reporter-output>
          </reporter-output>
        </test-method> <!-- runScenario -->
        <test-method signature="runScenario(io.cucumber.testng.PickleWrapper,io.cucumber.testng.FeatureWrapper)[pri:0, instance:runner.testRunner@460ebd80]" started-at="2023-03-02T20:22:40 CST" name="runScenario" description="Runs Cucumber Scenarios" data-provider="scenarios" finished-at="2023-03-02T20:22:41 CST" duration-ms="1418" status="PASS">
          <params>
            <param index="0">
              <value>
                <![CDATA["User Navigate to Tree Page and works on Binary Tree Traversals"]]>
              </value>
            </param>
            <param index="1">
              <value>
                <![CDATA["DS Algo Tree"]]>
              </value>
            </param>
          </params>
          <reporter-output>
          </reporter-output>
        </test-method> <!-- runScenario -->
        <test-method signature="runScenario(io.cucumber.testng.PickleWrapper,io.cucumber.testng.FeatureWrapper)[pri:0, instance:runner.testRunner@460ebd80]" started-at="2023-03-02T20:22:41 CST" name="runScenario" description="Runs Cucumber Scenarios" data-provider="scenarios" finished-at="2023-03-02T20:22:43 CST" duration-ms="1356" status="PASS">
          <params>
            <param index="0">
              <value>
                <![CDATA["User Navigate to Tree Page and works on Implementation of Binary Trees"]]>
              </value>
            </param>
            <param index="1">
              <value>
                <![CDATA["DS Algo Tree"]]>
              </value>
            </param>
          </params>
          <reporter-output>
          </reporter-output>
        </test-method> <!-- runScenario -->
        <test-method signature="runScenario(io.cucumber.testng.PickleWrapper,io.cucumber.testng.FeatureWrapper)[pri:0, instance:runner.testRunner@460ebd80]" started-at="2023-03-02T20:22:43 CST" name="runScenario" description="Runs Cucumber Scenarios" data-provider="scenarios" finished-at="2023-03-02T20:22:44 CST" duration-ms="1075" status="PASS">
          <params>
            <param index="0">
              <value>
                <![CDATA["User Navigate to Tree Page and works on Applications of Binary trees"]]>
              </value>
            </param>
            <param index="1">
              <value>
                <![CDATA["DS Algo Tree"]]>
              </value>
            </param>
          </params>
          <reporter-output>
          </reporter-output>
        </test-method> <!-- runScenario -->
        <test-method signature="runScenario(io.cucumber.testng.PickleWrapper,io.cucumber.testng.FeatureWrapper)[pri:0, instance:runner.testRunner@460ebd80]" started-at="2023-03-02T20:22:44 CST" name="runScenario" description="Runs Cucumber Scenarios" data-provider="scenarios" finished-at="2023-03-02T20:22:46 CST" duration-ms="1868" status="PASS">
          <params>
            <param index="0">
              <value>
                <![CDATA["User Navigate to Tree Page and works on Binary Search Trees"]]>
              </value>
            </param>
            <param index="1">
              <value>
                <![CDATA["DS Algo Tree"]]>
              </value>
            </param>
          </params>
          <reporter-output>
          </reporter-output>
        </test-method> <!-- runScenario -->
        <test-method signature="runScenario(io.cucumber.testng.PickleWrapper,io.cucumber.testng.FeatureWrapper)[pri:0, instance:runner.testRunner@460ebd80]" started-at="2023-03-02T20:22:46 CST" name="runScenario" description="Runs Cucumber Scenarios" data-provider="scenarios" finished-at="2023-03-02T20:22:47 CST" duration-ms="1139" status="PASS">
          <params>
            <param index="0">
              <value>
                <![CDATA["User Navigate to Tree Page and works on Implementation Of BST"]]>
              </value>
            </param>
            <param index="1">
              <value>
                <![CDATA["DS Algo Tree"]]>
              </value>
            </param>
          </params>
          <reporter-output>
          </reporter-output>
        </test-method> <!-- runScenario -->
        <test-method signature="runScenario(io.cucumber.testng.PickleWrapper,io.cucumber.testng.FeatureWrapper)[pri:0, instance:runner.testRunner@460ebd80]" started-at="2023-03-02T20:22:47 CST" name="runScenario" description="Runs Cucumber Scenarios" data-provider="scenarios" finished-at="2023-03-02T20:22:49 CST" duration-ms="1759" status="PASS">
          <params>
            <param index="0">
              <value>
                <![CDATA["User Navigate to Graph Page and works on Graph"]]>
              </value>
            </param>
            <param index="1">
              <value>
                <![CDATA["DS Algo Graph"]]>
              </value>
            </param>
          </params>
          <reporter-output>
          </reporter-output>
        </test-method> <!-- runScenario -->
        <test-method signature="runScenario(io.cucumber.testng.PickleWrapper,io.cucumber.testng.FeatureWrapper)[pri:0, instance:runner.testRunner@460ebd80]" started-at="2023-03-02T20:22:49 CST" name="runScenario" description="Runs Cucumber Scenarios" data-provider="scenarios" finished-at="2023-03-02T20:22:52 CST" duration-ms="3296" status="PASS">
          <params>
            <param index="0">
              <value>
                <![CDATA["User Navigate to Graph Page and works on Graph Representations"]]>
              </value>
            </param>
            <param index="1">
              <value>
                <![CDATA["DS Algo Graph"]]>
              </value>
            </param>
          </params>
          <reporter-output>
          </reporter-output>
        </test-method> <!-- runScenario -->
        <test-method is-config="true" signature="tearDownClass()[pri:0, instance:runner.testRunner@460ebd80]" started-at="2023-03-02T20:22:52 CST" name="tearDownClass" finished-at="2023-03-02T20:22:53 CST" duration-ms="831" status="PASS">
          <reporter-output>
          </reporter-output>
        </test-method> <!-- tearDownClass -->
      </class> <!-- runner.testRunner -->
    </test> <!-- Default test -->
  </suite> <!-- Default suite -->
</testng-results>
