<?xml version="1.0" encoding="UTF-8"?>
<testng-results ignored="0" total="63" passed="63" failed="0" skipped="0">
  <reporter-output>
  </reporter-output>
  <suite started-at="2023-03-02T10:14:56 CST" name="Default suite" finished-at="2023-03-02T10:16:40 CST" duration-ms="104562">
    <groups>
      <group name="cucumber">
        <method signature="AbstractTestNGCucumberTests.runScenario(io.cucumber.testng.PickleWrapper,io.cucumber.testng.FeatureWrapper)[pri:0, instance:runner.testRunner@460ebd80]" name="runScenario" class="io.cucumber.testng.AbstractTestNGCucumberTests"/>
      </group> <!-- cucumber -->
    </groups>
    <test started-at="2023-03-02T10:14:56 CST" name="Default test" finished-at="2023-03-02T10:16:40 CST" duration-ms="104562">
      <class name="runner.testRunner">
        <test-method is-config="true" signature="setUpClass(org.testng.ITestContext)[pri:0, instance:runner.testRunner@460ebd80]" started-at="2023-03-02T10:14:56 CST" name="setUpClass" finished-at="2023-03-02T10:15:01 CST" duration-ms="5195" status="PASS">
          <params>
            <param index="0">
              <value>
                <![CDATA[org.testng.TestRunner@165634aa]]>
              </value>
            </param>
          </params>
          <reporter-output>
          </reporter-output>
        </test-method> <!-- setUpClass -->
        <test-method signature="runScenario(io.cucumber.testng.PickleWrapper,io.cucumber.testng.FeatureWrapper)[pri:0, instance:runner.testRunner@460ebd80]" started-at="2023-03-02T10:15:01 CST" name="runScenario" description="Runs Cucumber Scenarios" data-provider="scenarios" finished-at="2023-03-02T10:15:04 CST" duration-ms="3103" status="PASS">
          <params>
            <param index="0">
              <value>
                <![CDATA["Opening DS Algo portal link"]]>
              </value>
            </param>
            <param index="1">
              <value>
                <![CDATA["DSALGO Project"]]>
              </value>
            </param>
          </params>
          <reporter-output>
          </reporter-output>
        </test-method> <!-- runScenario -->
        <test-method signature="runScenario(io.cucumber.testng.PickleWrapper,io.cucumber.testng.FeatureWrapper)[pri:0, instance:runner.testRunner@460ebd80]" started-at="2023-03-02T10:15:04 CST" name="runScenario" description="Runs Cucumber Scenarios" data-provider="scenarios" finished-at="2023-03-02T10:15:05 CST" duration-ms="1252" status="PASS">
          <params>
            <param index="0">
              <value>
                <![CDATA["The user is presented with error message for empty fields below username textbox"]]>
              </value>
            </param>
            <param index="1">
              <value>
                <![CDATA["DS Algo Registration Page"]]>
              </value>
            </param>
          </params>
          <reporter-output>
          </reporter-output>
        </test-method> <!-- runScenario -->
        <test-method signature="runScenario(io.cucumber.testng.PickleWrapper,io.cucumber.testng.FeatureWrapper)[pri:0, instance:runner.testRunner@460ebd80]" started-at="2023-03-02T10:15:05 CST" name="runScenario" description="Runs Cucumber Scenarios" data-provider="scenarios" finished-at="2023-03-02T10:15:06 CST" duration-ms="758" status="PASS">
          <params>
            <param index="0">
              <value>
                <![CDATA["The user is presented with error message for empty fields below password textbox"]]>
              </value>
            </param>
            <param index="1">
              <value>
                <![CDATA["DS Algo Registration Page"]]>
              </value>
            </param>
          </params>
          <reporter-output>
          </reporter-output>
        </test-method> <!-- runScenario -->
        <test-method signature="runScenario(io.cucumber.testng.PickleWrapper,io.cucumber.testng.FeatureWrapper)[pri:0, instance:runner.testRunner@460ebd80]" started-at="2023-03-02T10:15:06 CST" name="runScenario" description="Runs Cucumber Scenarios" data-provider="scenarios" finished-at="2023-03-02T10:15:07 CST" duration-ms="700" status="PASS">
          <params>
            <param index="0">
              <value>
                <![CDATA["The user is presented with error message for empty fields below confirm_password textbox"]]>
              </value>
            </param>
            <param index="1">
              <value>
                <![CDATA["DS Algo Registration Page"]]>
              </value>
            </param>
          </params>
          <reporter-output>
          </reporter-output>
        </test-method> <!-- runScenario -->
        <test-method signature="runScenario(io.cucumber.testng.PickleWrapper,io.cucumber.testng.FeatureWrapper)[pri:0, instance:runner.testRunner@460ebd80]" started-at="2023-03-02T10:15:07 CST" name="runScenario" description="Runs Cucumber Scenarios" data-provider="scenarios" finished-at="2023-03-02T10:15:08 CST" duration-ms="952" status="PASS">
          <params>
            <param index="0">
              <value>
                <![CDATA["The user is presented with error message for invalid username"]]>
              </value>
            </param>
            <param index="1">
              <value>
                <![CDATA["DS Algo Registration Page"]]>
              </value>
            </param>
          </params>
          <reporter-output>
          </reporter-output>
        </test-method> <!-- runScenario -->
        <test-method signature="runScenario(io.cucumber.testng.PickleWrapper,io.cucumber.testng.FeatureWrapper)[pri:0, instance:runner.testRunner@460ebd80]" started-at="2023-03-02T10:15:08 CST" name="runScenario" description="Runs Cucumber Scenarios" data-provider="scenarios" finished-at="2023-03-02T10:15:09 CST" duration-ms="896" status="PASS">
          <params>
            <param index="0">
              <value>
                <![CDATA["The user is presented with error message for password mismatch"]]>
              </value>
            </param>
            <param index="1">
              <value>
                <![CDATA["DS Algo Registration Page"]]>
              </value>
            </param>
          </params>
          <reporter-output>
          </reporter-output>
        </test-method> <!-- runScenario -->
        <test-method signature="runScenario(io.cucumber.testng.PickleWrapper,io.cucumber.testng.FeatureWrapper)[pri:0, instance:runner.testRunner@460ebd80]" started-at="2023-03-02T10:15:09 CST" name="runScenario" description="Runs Cucumber Scenarios" data-provider="scenarios" finished-at="2023-03-02T10:15:10 CST" duration-ms="817" status="PASS">
          <params>
            <param index="0">
              <value>
                <![CDATA["The user is presented with error message for password with less than 8 characters"]]>
              </value>
            </param>
            <param index="1">
              <value>
                <![CDATA["DS Algo Registration Page"]]>
              </value>
            </param>
          </params>
          <reporter-output>
          </reporter-output>
        </test-method> <!-- runScenario -->
        <test-method signature="runScenario(io.cucumber.testng.PickleWrapper,io.cucumber.testng.FeatureWrapper)[pri:0, instance:runner.testRunner@460ebd80]" started-at="2023-03-02T10:15:10 CST" name="runScenario" description="Runs Cucumber Scenarios" data-provider="scenarios" finished-at="2023-03-02T10:15:10 CST" duration-ms="809" status="PASS">
          <params>
            <param index="0">
              <value>
                <![CDATA["The user is presented with error message for password with only numbers"]]>
              </value>
            </param>
            <param index="1">
              <value>
                <![CDATA["DS Algo Registration Page"]]>
              </value>
            </param>
          </params>
          <reporter-output>
          </reporter-output>
        </test-method> <!-- runScenario -->
        <test-method signature="runScenario(io.cucumber.testng.PickleWrapper,io.cucumber.testng.FeatureWrapper)[pri:0, instance:runner.testRunner@460ebd80]" started-at="2023-03-02T10:15:10 CST" name="runScenario" description="Runs Cucumber Scenarios" data-provider="scenarios" finished-at="2023-03-02T10:15:11 CST" duration-ms="789" status="PASS">
          <params>
            <param index="0">
              <value>
                <![CDATA["Getting register into page with username and passwords"]]>
              </value>
            </param>
            <param index="1">
              <value>
                <![CDATA["DS Algo Registration Page"]]>
              </value>
            </param>
          </params>
          <reporter-output>
          </reporter-output>
        </test-method> <!-- runScenario -->
        <test-method signature="runScenario(io.cucumber.testng.PickleWrapper,io.cucumber.testng.FeatureWrapper)[pri:0, instance:runner.testRunner@460ebd80]" started-at="2023-03-02T10:15:11 CST" name="runScenario" description="Runs Cucumber Scenarios" data-provider="scenarios" finished-at="2023-03-02T10:15:12 CST" duration-ms="813" status="PASS">
          <params>
            <param index="0">
              <value>
                <![CDATA["Getting register into page with username and passwords"]]>
              </value>
            </param>
            <param index="1">
              <value>
                <![CDATA["DS Algo Registration Page"]]>
              </value>
            </param>
          </params>
          <reporter-output>
          </reporter-output>
        </test-method> <!-- runScenario -->
        <test-method signature="runScenario(io.cucumber.testng.PickleWrapper,io.cucumber.testng.FeatureWrapper)[pri:0, instance:runner.testRunner@460ebd80]" started-at="2023-03-02T10:15:12 CST" name="runScenario" description="Runs Cucumber Scenarios" data-provider="scenarios" finished-at="2023-03-02T10:15:13 CST" duration-ms="962" status="PASS">
          <params>
            <param index="0">
              <value>
                <![CDATA["The user is presented with error message for existing username"]]>
              </value>
            </param>
            <param index="1">
              <value>
                <![CDATA["DS Algo Registration Page"]]>
              </value>
            </param>
          </params>
          <reporter-output>
          </reporter-output>
        </test-method> <!-- runScenario -->
        <test-method signature="runScenario(io.cucumber.testng.PickleWrapper,io.cucumber.testng.FeatureWrapper)[pri:0, instance:runner.testRunner@460ebd80]" started-at="2023-03-02T10:15:13 CST" name="runScenario" description="Runs Cucumber Scenarios" data-provider="scenarios" finished-at="2023-03-02T10:15:15 CST" duration-ms="2483" status="PASS">
          <params>
            <param index="0">
              <value>
                <![CDATA["User navigate to signIn page"]]>
              </value>
            </param>
            <param index="1">
              <value>
                <![CDATA["DS Algo Sign In Page"]]>
              </value>
            </param>
          </params>
          <reporter-output>
          </reporter-output>
        </test-method> <!-- runScenario -->
        <test-method signature="runScenario(io.cucumber.testng.PickleWrapper,io.cucumber.testng.FeatureWrapper)[pri:0, instance:runner.testRunner@460ebd80]" started-at="2023-03-02T10:15:15 CST" name="runScenario" description="Runs Cucumber Scenarios" data-provider="scenarios" finished-at="2023-03-02T10:15:16 CST" duration-ms="1019" status="PASS">
          <params>
            <param index="0">
              <value>
                <![CDATA["User navigate to signIn page"]]>
              </value>
            </param>
            <param index="1">
              <value>
                <![CDATA["DS Algo Sign In Page"]]>
              </value>
            </param>
          </params>
          <reporter-output>
          </reporter-output>
        </test-method> <!-- runScenario -->
        <test-method signature="runScenario(io.cucumber.testng.PickleWrapper,io.cucumber.testng.FeatureWrapper)[pri:0, instance:runner.testRunner@460ebd80]" started-at="2023-03-02T10:15:16 CST" name="runScenario" description="Runs Cucumber Scenarios" data-provider="scenarios" finished-at="2023-03-02T10:15:17 CST" duration-ms="812" status="PASS">
          <params>
            <param index="0">
              <value>
                <![CDATA["User navigate to signIn page"]]>
              </value>
            </param>
            <param index="1">
              <value>
                <![CDATA["DS Algo Sign In Page"]]>
              </value>
            </param>
          </params>
          <reporter-output>
          </reporter-output>
        </test-method> <!-- runScenario -->
        <test-method signature="runScenario(io.cucumber.testng.PickleWrapper,io.cucumber.testng.FeatureWrapper)[pri:0, instance:runner.testRunner@460ebd80]" started-at="2023-03-02T10:15:17 CST" name="runScenario" description="Runs Cucumber Scenarios" data-provider="scenarios" finished-at="2023-03-02T10:15:18 CST" duration-ms="475" status="PASS">
          <params>
            <param index="0">
              <value>
                <![CDATA["User navigate to signIn page"]]>
              </value>
            </param>
            <param index="1">
              <value>
                <![CDATA["DS Algo Sign In Page"]]>
              </value>
            </param>
          </params>
          <reporter-output>
          </reporter-output>
        </test-method> <!-- runScenario -->
        <test-method signature="runScenario(io.cucumber.testng.PickleWrapper,io.cucumber.testng.FeatureWrapper)[pri:0, instance:runner.testRunner@460ebd80]" started-at="2023-03-02T10:15:18 CST" name="runScenario" description="Runs Cucumber Scenarios" data-provider="scenarios" finished-at="2023-03-02T10:15:18 CST" duration-ms="465" status="PASS">
          <params>
            <param index="0">
              <value>
                <![CDATA["User navigate to signIn page"]]>
              </value>
            </param>
            <param index="1">
              <value>
                <![CDATA["DS Algo Sign In Page"]]>
              </value>
            </param>
          </params>
          <reporter-output>
          </reporter-output>
        </test-method> <!-- runScenario -->
        <test-method signature="runScenario(io.cucumber.testng.PickleWrapper,io.cucumber.testng.FeatureWrapper)[pri:0, instance:runner.testRunner@460ebd80]" started-at="2023-03-02T10:15:18 CST" name="runScenario" description="Runs Cucumber Scenarios" data-provider="scenarios" finished-at="2023-03-02T10:15:19 CST" duration-ms="428" status="PASS">
          <params>
            <param index="0">
              <value>
                <![CDATA["User navigate to signIn page"]]>
              </value>
            </param>
            <param index="1">
              <value>
                <![CDATA["DS Algo Sign In Page"]]>
              </value>
            </param>
          </params>
          <reporter-output>
          </reporter-output>
        </test-method> <!-- runScenario -->
        <test-method signature="runScenario(io.cucumber.testng.PickleWrapper,io.cucumber.testng.FeatureWrapper)[pri:0, instance:runner.testRunner@460ebd80]" started-at="2023-03-02T10:15:19 CST" name="runScenario" description="Runs Cucumber Scenarios" data-provider="scenarios" finished-at="2023-03-02T10:15:20 CST" duration-ms="1079" status="PASS">
          <params>
            <param index="0">
              <value>
                <![CDATA["User navigate to signIn page"]]>
              </value>
            </param>
            <param index="1">
              <value>
                <![CDATA["DS Algo Sign In Page"]]>
              </value>
            </param>
          </params>
          <reporter-output>
          </reporter-output>
        </test-method> <!-- runScenario -->
        <test-method signature="runScenario(io.cucumber.testng.PickleWrapper,io.cucumber.testng.FeatureWrapper)[pri:0, instance:runner.testRunner@460ebd80]" started-at="2023-03-02T10:15:20 CST" name="runScenario" description="Runs Cucumber Scenarios" data-provider="scenarios" finished-at="2023-03-02T10:15:21 CST" duration-ms="1060" status="PASS">
          <params>
            <param index="0">
              <value>
                <![CDATA["User navigate to signIn page"]]>
              </value>
            </param>
            <param index="1">
              <value>
                <![CDATA["DS Algo Sign In Page"]]>
              </value>
            </param>
          </params>
          <reporter-output>
          </reporter-output>
        </test-method> <!-- runScenario -->
        <test-method signature="runScenario(io.cucumber.testng.PickleWrapper,io.cucumber.testng.FeatureWrapper)[pri:0, instance:runner.testRunner@460ebd80]" started-at="2023-03-02T10:15:21 CST" name="runScenario" description="Runs Cucumber Scenarios" data-provider="scenarios" finished-at="2023-03-02T10:15:21 CST" duration-ms="47" status="PASS">
          <params>
            <param index="0">
              <value>
                <![CDATA["User navigate to dataStructure Page"]]>
              </value>
            </param>
            <param index="1">
              <value>
                <![CDATA["DS Algo DataStructure Page"]]>
              </value>
            </param>
          </params>
          <reporter-output>
          </reporter-output>
        </test-method> <!-- runScenario -->
        <test-method signature="runScenario(io.cucumber.testng.PickleWrapper,io.cucumber.testng.FeatureWrapper)[pri:0, instance:runner.testRunner@460ebd80]" started-at="2023-03-02T10:15:21 CST" name="runScenario" description="Runs Cucumber Scenarios" data-provider="scenarios" finished-at="2023-03-02T10:15:25 CST" duration-ms="4137" status="PASS">
          <params>
            <param index="0">
              <value>
                <![CDATA["user navigate to datastructure page"]]>
              </value>
            </param>
            <param index="1">
              <value>
                <![CDATA["DS Algo DataStructure Page"]]>
              </value>
            </param>
          </params>
          <reporter-output>
          </reporter-output>
        </test-method> <!-- runScenario -->
        <test-method signature="runScenario(io.cucumber.testng.PickleWrapper,io.cucumber.testng.FeatureWrapper)[pri:0, instance:runner.testRunner@460ebd80]" started-at="2023-03-02T10:15:25 CST" name="runScenario" description="Runs Cucumber Scenarios" data-provider="scenarios" finished-at="2023-03-02T10:15:28 CST" duration-ms="2673" status="PASS">
          <params>
            <param index="0">
              <value>
                <![CDATA["user navigate to datastructure page"]]>
              </value>
            </param>
            <param index="1">
              <value>
                <![CDATA["DS Algo DataStructure Page"]]>
              </value>
            </param>
          </params>
          <reporter-output>
          </reporter-output>
        </test-method> <!-- runScenario -->
        <test-method signature="runScenario(io.cucumber.testng.PickleWrapper,io.cucumber.testng.FeatureWrapper)[pri:0, instance:runner.testRunner@460ebd80]" started-at="2023-03-02T10:15:28 CST" name="runScenario" description="Runs Cucumber Scenarios" data-provider="scenarios" finished-at="2023-03-02T10:15:31 CST" duration-ms="2889" status="PASS">
          <params>
            <param index="0">
              <value>
                <![CDATA["User navigate to Array Page and in works Arrays in Python"]]>
              </value>
            </param>
            <param index="1">
              <value>
                <![CDATA["DS Algo ArrayPage"]]>
              </value>
            </param>
          </params>
          <reporter-output>
          </reporter-output>
        </test-method> <!-- runScenario -->
        <test-method signature="runScenario(io.cucumber.testng.PickleWrapper,io.cucumber.testng.FeatureWrapper)[pri:0, instance:runner.testRunner@460ebd80]" started-at="2023-03-02T10:15:31 CST" name="runScenario" description="Runs Cucumber Scenarios" data-provider="scenarios" finished-at="2023-03-02T10:15:33 CST" duration-ms="2075" status="PASS">
          <params>
            <param index="0">
              <value>
                <![CDATA["User navigate to Array Page and in works Arrays in Python"]]>
              </value>
            </param>
            <param index="1">
              <value>
                <![CDATA["DS Algo ArrayPage"]]>
              </value>
            </param>
          </params>
          <reporter-output>
          </reporter-output>
        </test-method> <!-- runScenario -->
        <test-method signature="runScenario(io.cucumber.testng.PickleWrapper,io.cucumber.testng.FeatureWrapper)[pri:0, instance:runner.testRunner@460ebd80]" started-at="2023-03-02T10:15:33 CST" name="runScenario" description="Runs Cucumber Scenarios" data-provider="scenarios" finished-at="2023-03-02T10:15:35 CST" duration-ms="1807" status="PASS">
          <params>
            <param index="0">
              <value>
                <![CDATA["User navigate to Array Page and works in Arrays Using List"]]>
              </value>
            </param>
            <param index="1">
              <value>
                <![CDATA["DS Algo ArrayPage"]]>
              </value>
            </param>
          </params>
          <reporter-output>
          </reporter-output>
        </test-method> <!-- runScenario -->
        <test-method signature="runScenario(io.cucumber.testng.PickleWrapper,io.cucumber.testng.FeatureWrapper)[pri:0, instance:runner.testRunner@460ebd80]" started-at="2023-03-02T10:15:35 CST" name="runScenario" description="Runs Cucumber Scenarios" data-provider="scenarios" finished-at="2023-03-02T10:15:36 CST" duration-ms="1356" status="PASS">
          <params>
            <param index="0">
              <value>
                <![CDATA["User navigate to Array Page and works in Arrays Using List"]]>
              </value>
            </param>
            <param index="1">
              <value>
                <![CDATA["DS Algo ArrayPage"]]>
              </value>
            </param>
          </params>
          <reporter-output>
          </reporter-output>
        </test-method> <!-- runScenario -->
        <test-method signature="runScenario(io.cucumber.testng.PickleWrapper,io.cucumber.testng.FeatureWrapper)[pri:0, instance:runner.testRunner@460ebd80]" started-at="2023-03-02T10:15:36 CST" name="runScenario" description="Runs Cucumber Scenarios" data-provider="scenarios" finished-at="2023-03-02T10:15:38 CST" duration-ms="1714" status="PASS">
          <params>
            <param index="0">
              <value>
                <![CDATA["User navigate to Array Page and works in Basic Operations in lists"]]>
              </value>
            </param>
            <param index="1">
              <value>
                <![CDATA["DS Algo ArrayPage"]]>
              </value>
            </param>
          </params>
          <reporter-output>
          </reporter-output>
        </test-method> <!-- runScenario -->
        <test-method signature="runScenario(io.cucumber.testng.PickleWrapper,io.cucumber.testng.FeatureWrapper)[pri:0, instance:runner.testRunner@460ebd80]" started-at="2023-03-02T10:15:38 CST" name="runScenario" description="Runs Cucumber Scenarios" data-provider="scenarios" finished-at="2023-03-02T10:15:39 CST" duration-ms="1702" status="PASS">
          <params>
            <param index="0">
              <value>
                <![CDATA["User navigate to Array Page and works in Basic Operations in lists"]]>
              </value>
            </param>
            <param index="1">
              <value>
                <![CDATA["DS Algo ArrayPage"]]>
              </value>
            </param>
          </params>
          <reporter-output>
          </reporter-output>
        </test-method> <!-- runScenario -->
        <test-method signature="runScenario(io.cucumber.testng.PickleWrapper,io.cucumber.testng.FeatureWrapper)[pri:0, instance:runner.testRunner@460ebd80]" started-at="2023-03-02T10:15:39 CST" name="runScenario" description="Runs Cucumber Scenarios" data-provider="scenarios" finished-at="2023-03-02T10:15:41 CST" duration-ms="1641" status="PASS">
          <params>
            <param index="0">
              <value>
                <![CDATA["User navigate to Array Page and works in Applications of Array"]]>
              </value>
            </param>
            <param index="1">
              <value>
                <![CDATA["DS Algo ArrayPage"]]>
              </value>
            </param>
          </params>
          <reporter-output>
          </reporter-output>
        </test-method> <!-- runScenario -->
        <test-method signature="runScenario(io.cucumber.testng.PickleWrapper,io.cucumber.testng.FeatureWrapper)[pri:0, instance:runner.testRunner@460ebd80]" started-at="2023-03-02T10:15:41 CST" name="runScenario" description="Runs Cucumber Scenarios" data-provider="scenarios" finished-at="2023-03-02T10:15:42 CST" duration-ms="1399" status="PASS">
          <params>
            <param index="0">
              <value>
                <![CDATA["User navigate to Array Page and works in Applications of Array"]]>
              </value>
            </param>
            <param index="1">
              <value>
                <![CDATA["DS Algo ArrayPage"]]>
              </value>
            </param>
          </params>
          <reporter-output>
          </reporter-output>
        </test-method> <!-- runScenario -->
        <test-method signature="runScenario(io.cucumber.testng.PickleWrapper,io.cucumber.testng.FeatureWrapper)[pri:0, instance:runner.testRunner@460ebd80]" started-at="2023-03-02T10:15:42 CST" name="runScenario" description="Runs Cucumber Scenarios" data-provider="scenarios" finished-at="2023-03-02T10:15:45 CST" duration-ms="2579" status="PASS">
          <params>
            <param index="0">
              <value>
                <![CDATA["User navigate to Array Practice Page and works in Search the array"]]>
              </value>
            </param>
            <param index="1">
              <value>
                <![CDATA["DS Algo ArrayPractice Page"]]>
              </value>
            </param>
          </params>
          <reporter-output>
          </reporter-output>
        </test-method> <!-- runScenario -->
        <test-method signature="runScenario(io.cucumber.testng.PickleWrapper,io.cucumber.testng.FeatureWrapper)[pri:0, instance:runner.testRunner@460ebd80]" started-at="2023-03-02T10:15:45 CST" name="runScenario" description="Runs Cucumber Scenarios" data-provider="scenarios" finished-at="2023-03-02T10:15:49 CST" duration-ms="3944" status="PASS">
          <params>
            <param index="0">
              <value>
                <![CDATA["User navigate to Array Practice Page and works in Max Consecutive Ones"]]>
              </value>
            </param>
            <param index="1">
              <value>
                <![CDATA["DS Algo ArrayPractice Page"]]>
              </value>
            </param>
          </params>
          <reporter-output>
          </reporter-output>
        </test-method> <!-- runScenario -->
        <test-method signature="runScenario(io.cucumber.testng.PickleWrapper,io.cucumber.testng.FeatureWrapper)[pri:0, instance:runner.testRunner@460ebd80]" started-at="2023-03-02T10:15:49 CST" name="runScenario" description="Runs Cucumber Scenarios" data-provider="scenarios" finished-at="2023-03-02T10:15:50 CST" duration-ms="1284" status="PASS">
          <params>
            <param index="0">
              <value>
                <![CDATA["User navigate to Array Practice Page and works in Find Numbers with Even Number of Digits"]]>
              </value>
            </param>
            <param index="1">
              <value>
                <![CDATA["DS Algo ArrayPractice Page"]]>
              </value>
            </param>
          </params>
          <reporter-output>
          </reporter-output>
        </test-method> <!-- runScenario -->
        <test-method signature="runScenario(io.cucumber.testng.PickleWrapper,io.cucumber.testng.FeatureWrapper)[pri:0, instance:runner.testRunner@460ebd80]" started-at="2023-03-02T10:15:50 CST" name="runScenario" description="Runs Cucumber Scenarios" data-provider="scenarios" finished-at="2023-03-02T10:15:54 CST" duration-ms="3853" status="PASS">
          <params>
            <param index="0">
              <value>
                <![CDATA["User navigate to Array Practice Page and works in Squares of  a Sorted Array"]]>
              </value>
            </param>
            <param index="1">
              <value>
                <![CDATA["DS Algo ArrayPractice Page"]]>
              </value>
            </param>
          </params>
          <reporter-output>
          </reporter-output>
        </test-method> <!-- runScenario -->
        <test-method signature="runScenario(io.cucumber.testng.PickleWrapper,io.cucumber.testng.FeatureWrapper)[pri:0, instance:runner.testRunner@460ebd80]" started-at="2023-03-02T10:15:54 CST" name="runScenario" description="Runs Cucumber Scenarios" data-provider="scenarios" finished-at="2023-03-02T10:15:56 CST" duration-ms="1683" status="PASS">
          <params>
            <param index="0">
              <value>
                <![CDATA["User Navigate to LinkedList Page and works on Introduction"]]>
              </value>
            </param>
            <param index="1">
              <value>
                <![CDATA["DS Algo LinkedList Page"]]>
              </value>
            </param>
          </params>
          <reporter-output>
          </reporter-output>
        </test-method> <!-- runScenario -->
        <test-method signature="runScenario(io.cucumber.testng.PickleWrapper,io.cucumber.testng.FeatureWrapper)[pri:0, instance:runner.testRunner@460ebd80]" started-at="2023-03-02T10:15:56 CST" name="runScenario" description="Runs Cucumber Scenarios" data-provider="scenarios" finished-at="2023-03-02T10:15:57 CST" duration-ms="1255" status="PASS">
          <params>
            <param index="0">
              <value>
                <![CDATA["User Navigate to LinkedList Page and works on Creating Linked list"]]>
              </value>
            </param>
            <param index="1">
              <value>
                <![CDATA["DS Algo LinkedList Page"]]>
              </value>
            </param>
          </params>
          <reporter-output>
          </reporter-output>
        </test-method> <!-- runScenario -->
        <test-method signature="runScenario(io.cucumber.testng.PickleWrapper,io.cucumber.testng.FeatureWrapper)[pri:0, instance:runner.testRunner@460ebd80]" started-at="2023-03-02T10:15:57 CST" name="runScenario" description="Runs Cucumber Scenarios" data-provider="scenarios" finished-at="2023-03-02T10:15:58 CST" duration-ms="1474" status="PASS">
          <params>
            <param index="0">
              <value>
                <![CDATA["User Navigate to LinkedList Page and works on Types of Linked list"]]>
              </value>
            </param>
            <param index="1">
              <value>
                <![CDATA["DS Algo LinkedList Page"]]>
              </value>
            </param>
          </params>
          <reporter-output>
          </reporter-output>
        </test-method> <!-- runScenario -->
        <test-method signature="runScenario(io.cucumber.testng.PickleWrapper,io.cucumber.testng.FeatureWrapper)[pri:0, instance:runner.testRunner@460ebd80]" started-at="2023-03-02T10:15:58 CST" name="runScenario" description="Runs Cucumber Scenarios" data-provider="scenarios" finished-at="2023-03-02T10:16:00 CST" duration-ms="1292" status="PASS">
          <params>
            <param index="0">
              <value>
                <![CDATA["User Navigate to LinkedList Page and works on Implement Linked List in Python"]]>
              </value>
            </param>
            <param index="1">
              <value>
                <![CDATA["DS Algo LinkedList Page"]]>
              </value>
            </param>
          </params>
          <reporter-output>
          </reporter-output>
        </test-method> <!-- runScenario -->
        <test-method signature="runScenario(io.cucumber.testng.PickleWrapper,io.cucumber.testng.FeatureWrapper)[pri:0, instance:runner.testRunner@460ebd80]" started-at="2023-03-02T10:16:00 CST" name="runScenario" description="Runs Cucumber Scenarios" data-provider="scenarios" finished-at="2023-03-02T10:16:01 CST" duration-ms="1301" status="PASS">
          <params>
            <param index="0">
              <value>
                <![CDATA["User Navigate to LinkedList Page and works on Traversal"]]>
              </value>
            </param>
            <param index="1">
              <value>
                <![CDATA["DS Algo LinkedList Page"]]>
              </value>
            </param>
          </params>
          <reporter-output>
          </reporter-output>
        </test-method> <!-- runScenario -->
        <test-method signature="runScenario(io.cucumber.testng.PickleWrapper,io.cucumber.testng.FeatureWrapper)[pri:0, instance:runner.testRunner@460ebd80]" started-at="2023-03-02T10:16:01 CST" name="runScenario" description="Runs Cucumber Scenarios" data-provider="scenarios" finished-at="2023-03-02T10:16:03 CST" duration-ms="1434" status="PASS">
          <params>
            <param index="0">
              <value>
                <![CDATA["User Navigate to LinkedList Page and works on Insertion"]]>
              </value>
            </param>
            <param index="1">
              <value>
                <![CDATA["DS Algo LinkedList Page"]]>
              </value>
            </param>
          </params>
          <reporter-output>
          </reporter-output>
        </test-method> <!-- runScenario -->
        <test-method signature="runScenario(io.cucumber.testng.PickleWrapper,io.cucumber.testng.FeatureWrapper)[pri:0, instance:runner.testRunner@460ebd80]" started-at="2023-03-02T10:16:03 CST" name="runScenario" description="Runs Cucumber Scenarios" data-provider="scenarios" finished-at="2023-03-02T10:16:04 CST" duration-ms="1884" status="PASS">
          <params>
            <param index="0">
              <value>
                <![CDATA["User Navigate to LinkedList Page and works on Deletion"]]>
              </value>
            </param>
            <param index="1">
              <value>
                <![CDATA["DS Algo LinkedList Page"]]>
              </value>
            </param>
          </params>
          <reporter-output>
          </reporter-output>
        </test-method> <!-- runScenario -->
        <test-method signature="runScenario(io.cucumber.testng.PickleWrapper,io.cucumber.testng.FeatureWrapper)[pri:0, instance:runner.testRunner@460ebd80]" started-at="2023-03-02T10:16:04 CST" name="runScenario" description="Runs Cucumber Scenarios" data-provider="scenarios" finished-at="2023-03-02T10:16:06 CST" duration-ms="1248" status="PASS">
          <params>
            <param index="0">
              <value>
                <![CDATA["User Navigate to Stack Page and works on Operations in Stack"]]>
              </value>
            </param>
            <param index="1">
              <value>
                <![CDATA["Ds Algo Stack page"]]>
              </value>
            </param>
          </params>
          <reporter-output>
          </reporter-output>
        </test-method> <!-- runScenario -->
        <test-method signature="runScenario(io.cucumber.testng.PickleWrapper,io.cucumber.testng.FeatureWrapper)[pri:0, instance:runner.testRunner@460ebd80]" started-at="2023-03-02T10:16:06 CST" name="runScenario" description="Runs Cucumber Scenarios" data-provider="scenarios" finished-at="2023-03-02T10:16:07 CST" duration-ms="1277" status="PASS">
          <params>
            <param index="0">
              <value>
                <![CDATA["User Navigate to Stack Page and works on Implementation"]]>
              </value>
            </param>
            <param index="1">
              <value>
                <![CDATA["Ds Algo Stack page"]]>
              </value>
            </param>
          </params>
          <reporter-output>
          </reporter-output>
        </test-method> <!-- runScenario -->
        <test-method signature="runScenario(io.cucumber.testng.PickleWrapper,io.cucumber.testng.FeatureWrapper)[pri:0, instance:runner.testRunner@460ebd80]" started-at="2023-03-02T10:16:07 CST" name="runScenario" description="Runs Cucumber Scenarios" data-provider="scenarios" finished-at="2023-03-02T10:16:09 CST" duration-ms="1614" status="PASS">
          <params>
            <param index="0">
              <value>
                <![CDATA["User Navigate to Stack Page and works on Applications"]]>
              </value>
            </param>
            <param index="1">
              <value>
                <![CDATA["Ds Algo Stack page"]]>
              </value>
            </param>
          </params>
          <reporter-output>
          </reporter-output>
        </test-method> <!-- runScenario -->
        <test-method signature="runScenario(io.cucumber.testng.PickleWrapper,io.cucumber.testng.FeatureWrapper)[pri:0, instance:runner.testRunner@460ebd80]" started-at="2023-03-02T10:16:09 CST" name="runScenario" description="Runs Cucumber Scenarios" data-provider="scenarios" finished-at="2023-03-02T10:16:10 CST" duration-ms="1295" status="PASS">
          <params>
            <param index="0">
              <value>
                <![CDATA["User Navigate to Queue Page and works on Implementation of Queue in Python"]]>
              </value>
            </param>
            <param index="1">
              <value>
                <![CDATA["DS Algo Queue"]]>
              </value>
            </param>
          </params>
          <reporter-output>
          </reporter-output>
        </test-method> <!-- runScenario -->
        <test-method signature="runScenario(io.cucumber.testng.PickleWrapper,io.cucumber.testng.FeatureWrapper)[pri:0, instance:runner.testRunner@460ebd80]" started-at="2023-03-02T10:16:10 CST" name="runScenario" description="Runs Cucumber Scenarios" data-provider="scenarios" finished-at="2023-03-02T10:16:11 CST" duration-ms="1182" status="PASS">
          <params>
            <param index="0">
              <value>
                <![CDATA["User Navigate to Queue Page and works on Implementation using collections Deque"]]>
              </value>
            </param>
            <param index="1">
              <value>
                <![CDATA["DS Algo Queue"]]>
              </value>
            </param>
          </params>
          <reporter-output>
          </reporter-output>
        </test-method> <!-- runScenario -->
        <test-method signature="runScenario(io.cucumber.testng.PickleWrapper,io.cucumber.testng.FeatureWrapper)[pri:0, instance:runner.testRunner@460ebd80]" started-at="2023-03-02T10:16:11 CST" name="runScenario" description="Runs Cucumber Scenarios" data-provider="scenarios" finished-at="2023-03-02T10:16:12 CST" duration-ms="1394" status="PASS">
          <params>
            <param index="0">
              <value>
                <![CDATA["User Navigate to Queue Page and works on Implementation using array"]]>
              </value>
            </param>
            <param index="1">
              <value>
                <![CDATA["DS Algo Queue"]]>
              </value>
            </param>
          </params>
          <reporter-output>
          </reporter-output>
        </test-method> <!-- runScenario -->
        <test-method signature="runScenario(io.cucumber.testng.PickleWrapper,io.cucumber.testng.FeatureWrapper)[pri:0, instance:runner.testRunner@460ebd80]" started-at="2023-03-02T10:16:12 CST" name="runScenario" description="Runs Cucumber Scenarios" data-provider="scenarios" finished-at="2023-03-02T10:16:14 CST" duration-ms="1310" status="PASS">
          <params>
            <param index="0">
              <value>
                <![CDATA["User Navigate to Queue Page and works on Queue Operations"]]>
              </value>
            </param>
            <param index="1">
              <value>
                <![CDATA["DS Algo Queue"]]>
              </value>
            </param>
          </params>
          <reporter-output>
          </reporter-output>
        </test-method> <!-- runScenario -->
        <test-method signature="runScenario(io.cucumber.testng.PickleWrapper,io.cucumber.testng.FeatureWrapper)[pri:0, instance:runner.testRunner@460ebd80]" started-at="2023-03-02T10:16:14 CST" name="runScenario" description="Runs Cucumber Scenarios" data-provider="scenarios" finished-at="2023-03-02T10:16:15 CST" duration-ms="1449" status="PASS">
          <params>
            <param index="0">
              <value>
                <![CDATA["User Navigate to Tree Page and works on Overview of Trees"]]>
              </value>
            </param>
            <param index="1">
              <value>
                <![CDATA["DS Algo Tree"]]>
              </value>
            </param>
          </params>
          <reporter-output>
          </reporter-output>
        </test-method> <!-- runScenario -->
        <test-method signature="runScenario(io.cucumber.testng.PickleWrapper,io.cucumber.testng.FeatureWrapper)[pri:0, instance:runner.testRunner@460ebd80]" started-at="2023-03-02T10:16:15 CST" name="runScenario" description="Runs Cucumber Scenarios" data-provider="scenarios" finished-at="2023-03-02T10:16:17 CST" duration-ms="1705" status="PASS">
          <params>
            <param index="0">
              <value>
                <![CDATA["User Navigate to Tree Page and works on Terminologies"]]>
              </value>
            </param>
            <param index="1">
              <value>
                <![CDATA["DS Algo Tree"]]>
              </value>
            </param>
          </params>
          <reporter-output>
          </reporter-output>
        </test-method> <!-- runScenario -->
        <test-method signature="runScenario(io.cucumber.testng.PickleWrapper,io.cucumber.testng.FeatureWrapper)[pri:0, instance:runner.testRunner@460ebd80]" started-at="2023-03-02T10:16:17 CST" name="runScenario" description="Runs Cucumber Scenarios" data-provider="scenarios" finished-at="2023-03-02T10:16:18 CST" duration-ms="1388" status="PASS">
          <params>
            <param index="0">
              <value>
                <![CDATA["User Navigate to Tree Page and works on Types of Trees"]]>
              </value>
            </param>
            <param index="1">
              <value>
                <![CDATA["DS Algo Tree"]]>
              </value>
            </param>
          </params>
          <reporter-output>
          </reporter-output>
        </test-method> <!-- runScenario -->
        <test-method signature="runScenario(io.cucumber.testng.PickleWrapper,io.cucumber.testng.FeatureWrapper)[pri:0, instance:runner.testRunner@460ebd80]" started-at="2023-03-02T10:16:18 CST" name="runScenario" description="Runs Cucumber Scenarios" data-provider="scenarios" finished-at="2023-03-02T10:16:20 CST" duration-ms="1452" status="PASS">
          <params>
            <param index="0">
              <value>
                <![CDATA["User Navigate to Tree Page and works on Tree Traversals"]]>
              </value>
            </param>
            <param index="1">
              <value>
                <![CDATA["DS Algo Tree"]]>
              </value>
            </param>
          </params>
          <reporter-output>
          </reporter-output>
        </test-method> <!-- runScenario -->
        <test-method signature="runScenario(io.cucumber.testng.PickleWrapper,io.cucumber.testng.FeatureWrapper)[pri:0, instance:runner.testRunner@460ebd80]" started-at="2023-03-02T10:16:20 CST" name="runScenario" description="Runs Cucumber Scenarios" data-provider="scenarios" finished-at="2023-03-02T10:16:21 CST" duration-ms="1556" status="PASS">
          <params>
            <param index="0">
              <value>
                <![CDATA["User Navigate to Tree Page and works on Traversals-Illustration"]]>
              </value>
            </param>
            <param index="1">
              <value>
                <![CDATA["DS Algo Tree"]]>
              </value>
            </param>
          </params>
          <reporter-output>
          </reporter-output>
        </test-method> <!-- runScenario -->
        <test-method signature="runScenario(io.cucumber.testng.PickleWrapper,io.cucumber.testng.FeatureWrapper)[pri:0, instance:runner.testRunner@460ebd80]" started-at="2023-03-02T10:16:21 CST" name="runScenario" description="Runs Cucumber Scenarios" data-provider="scenarios" finished-at="2023-03-02T10:16:23 CST" duration-ms="1314" status="PASS">
          <params>
            <param index="0">
              <value>
                <![CDATA["User Navigate to Tree Page and works on Binary Trees"]]>
              </value>
            </param>
            <param index="1">
              <value>
                <![CDATA["DS Algo Tree"]]>
              </value>
            </param>
          </params>
          <reporter-output>
          </reporter-output>
        </test-method> <!-- runScenario -->
        <test-method signature="runScenario(io.cucumber.testng.PickleWrapper,io.cucumber.testng.FeatureWrapper)[pri:0, instance:runner.testRunner@460ebd80]" started-at="2023-03-02T10:16:23 CST" name="runScenario" description="Runs Cucumber Scenarios" data-provider="scenarios" finished-at="2023-03-02T10:16:24 CST" duration-ms="1643" status="PASS">
          <params>
            <param index="0">
              <value>
                <![CDATA["User Navigate to Tree Page and works on Types of Binary Trees"]]>
              </value>
            </param>
            <param index="1">
              <value>
                <![CDATA["DS Algo Tree"]]>
              </value>
            </param>
          </params>
          <reporter-output>
          </reporter-output>
        </test-method> <!-- runScenario -->
        <test-method signature="runScenario(io.cucumber.testng.PickleWrapper,io.cucumber.testng.FeatureWrapper)[pri:0, instance:runner.testRunner@460ebd80]" started-at="2023-03-02T10:16:24 CST" name="runScenario" description="Runs Cucumber Scenarios" data-provider="scenarios" finished-at="2023-03-02T10:16:25 CST" duration-ms="1182" status="PASS">
          <params>
            <param index="0">
              <value>
                <![CDATA["User Navigate to Tree Page and works on Implementation in Python"]]>
              </value>
            </param>
            <param index="1">
              <value>
                <![CDATA["DS Algo Tree"]]>
              </value>
            </param>
          </params>
          <reporter-output>
          </reporter-output>
        </test-method> <!-- runScenario -->
        <test-method signature="runScenario(io.cucumber.testng.PickleWrapper,io.cucumber.testng.FeatureWrapper)[pri:0, instance:runner.testRunner@460ebd80]" started-at="2023-03-02T10:16:25 CST" name="runScenario" description="Runs Cucumber Scenarios" data-provider="scenarios" finished-at="2023-03-02T10:16:27 CST" duration-ms="1642" status="PASS">
          <params>
            <param index="0">
              <value>
                <![CDATA["User Navigate to Tree Page and works on Binary Tree Traversals"]]>
              </value>
            </param>
            <param index="1">
              <value>
                <![CDATA["DS Algo Tree"]]>
              </value>
            </param>
          </params>
          <reporter-output>
          </reporter-output>
        </test-method> <!-- runScenario -->
        <test-method signature="runScenario(io.cucumber.testng.PickleWrapper,io.cucumber.testng.FeatureWrapper)[pri:0, instance:runner.testRunner@460ebd80]" started-at="2023-03-02T10:16:27 CST" name="runScenario" description="Runs Cucumber Scenarios" data-provider="scenarios" finished-at="2023-03-02T10:16:29 CST" duration-ms="1416" status="PASS">
          <params>
            <param index="0">
              <value>
                <![CDATA["User Navigate to Tree Page and works on Implementation of Binary Trees"]]>
              </value>
            </param>
            <param index="1">
              <value>
                <![CDATA["DS Algo Tree"]]>
              </value>
            </param>
          </params>
          <reporter-output>
          </reporter-output>
        </test-method> <!-- runScenario -->
        <test-method signature="runScenario(io.cucumber.testng.PickleWrapper,io.cucumber.testng.FeatureWrapper)[pri:0, instance:runner.testRunner@460ebd80]" started-at="2023-03-02T10:16:29 CST" name="runScenario" description="Runs Cucumber Scenarios" data-provider="scenarios" finished-at="2023-03-02T10:16:30 CST" duration-ms="1445" status="PASS">
          <params>
            <param index="0">
              <value>
                <![CDATA["User Navigate to Tree Page and works on Applications of Binary trees"]]>
              </value>
            </param>
            <param index="1">
              <value>
                <![CDATA["DS Algo Tree"]]>
              </value>
            </param>
          </params>
          <reporter-output>
          </reporter-output>
        </test-method> <!-- runScenario -->
        <test-method signature="runScenario(io.cucumber.testng.PickleWrapper,io.cucumber.testng.FeatureWrapper)[pri:0, instance:runner.testRunner@460ebd80]" started-at="2023-03-02T10:16:30 CST" name="runScenario" description="Runs Cucumber Scenarios" data-provider="scenarios" finished-at="2023-03-02T10:16:33 CST" duration-ms="2488" status="PASS">
          <params>
            <param index="0">
              <value>
                <![CDATA["User Navigate to Tree Page and works on Binary Search Trees"]]>
              </value>
            </param>
            <param index="1">
              <value>
                <![CDATA["DS Algo Tree"]]>
              </value>
            </param>
          </params>
          <reporter-output>
          </reporter-output>
        </test-method> <!-- runScenario -->
        <test-method signature="runScenario(io.cucumber.testng.PickleWrapper,io.cucumber.testng.FeatureWrapper)[pri:0, instance:runner.testRunner@460ebd80]" started-at="2023-03-02T10:16:33 CST" name="runScenario" description="Runs Cucumber Scenarios" data-provider="scenarios" finished-at="2023-03-02T10:16:34 CST" duration-ms="1429" status="PASS">
          <params>
            <param index="0">
              <value>
                <![CDATA["User Navigate to Tree Page and works on Implementation Of BST"]]>
              </value>
            </param>
            <param index="1">
              <value>
                <![CDATA["DS Algo Tree"]]>
              </value>
            </param>
          </params>
          <reporter-output>
          </reporter-output>
        </test-method> <!-- runScenario -->
        <test-method signature="runScenario(io.cucumber.testng.PickleWrapper,io.cucumber.testng.FeatureWrapper)[pri:0, instance:runner.testRunner@460ebd80]" started-at="2023-03-02T10:16:34 CST" name="runScenario" description="Runs Cucumber Scenarios" data-provider="scenarios" finished-at="2023-03-02T10:16:36 CST" duration-ms="2134" status="PASS">
          <params>
            <param index="0">
              <value>
                <![CDATA["User Navigate to Graph Page and works on Graph"]]>
              </value>
            </param>
            <param index="1">
              <value>
                <![CDATA["DS Algo Graph"]]>
              </value>
            </param>
          </params>
          <reporter-output>
          </reporter-output>
        </test-method> <!-- runScenario -->
        <test-method signature="runScenario(io.cucumber.testng.PickleWrapper,io.cucumber.testng.FeatureWrapper)[pri:0, instance:runner.testRunner@460ebd80]" started-at="2023-03-02T10:16:36 CST" name="runScenario" description="Runs Cucumber Scenarios" data-provider="scenarios" finished-at="2023-03-02T10:16:39 CST" duration-ms="2561" status="PASS">
          <params>
            <param index="0">
              <value>
                <![CDATA["User Navigate to Graph Page and works on Graph Representations"]]>
              </value>
            </param>
            <param index="1">
              <value>
                <![CDATA["DS Algo Graph"]]>
              </value>
            </param>
          </params>
          <reporter-output>
          </reporter-output>
        </test-method> <!-- runScenario -->
        <test-method is-config="true" signature="tearDownClass()[pri:0, instance:runner.testRunner@460ebd80]" started-at="2023-03-02T10:16:39 CST" name="tearDownClass" finished-at="2023-03-02T10:16:40 CST" duration-ms="1550" status="PASS">
          <reporter-output>
          </reporter-output>
        </test-method> <!-- tearDownClass -->
      </class> <!-- runner.testRunner -->
    </test> <!-- Default test -->
  </suite> <!-- Default suite -->
</testng-results>
